

Started GET "/" for ::1 at 2016-01-27 11:45:42 -0800
Processing by Rails::WelcomeController#index as HTML
  Rendered /Users/ignat/.rvm/gems/ruby-2.2.1/gems/railties-4.2.5.1/lib/rails/templates/rails/welcome/index.html.erb (12.9ms)
Completed 200 OK in 47ms (Views: 31.0ms | ActiveRecord: 0.0ms)


Started GET "/" for ::1 at 2016-01-27 11:47:59 -0800
Processing by Rails::WelcomeController#index as HTML
  Rendered /Users/ignat/.rvm/gems/ruby-2.2.1/gems/railties-4.2.5.1/lib/rails/templates/rails/welcome/index.html.erb (2.8ms)
Completed 200 OK in 239ms (Views: 223.7ms | ActiveRecord: 0.0ms)


Started GET "/rails/info/properties" for ::1 at 2016-01-27 11:48:32 -0800
Processing by Rails::InfoController#properties as */*
  Rendered /Users/ignat/.rvm/gems/ruby-2.2.1/gems/railties-4.2.5.1/lib/rails/templates/rails/info/properties.html.erb (0.5ms)
Completed 200 OK in 119ms (Views: 57.7ms | ActiveRecord: 2.1ms)


Started GET "/" for ::1 at 2016-01-27 11:58:12 -0800
Processing by ApplicationController#hello as HTML
  Rendered text template (0.0ms)
Completed 200 OK in 11ms (Views: 9.8ms | ActiveRecord: 0.0ms)


Started GET "/" for ::1 at 2016-01-27 16:01:39 -0800
Processing by ApplicationController#hello as HTML
  Rendered text template (0.1ms)
Completed 200 OK in 9ms (Views: 3.3ms | ActiveRecord: 0.0ms)


Started GET "/" for ::1 at 2016-02-03 12:55:23 -0800
Processing by ApplicationController#hello as HTML
  Rendered text template (0.1ms)
Completed 200 OK in 35ms (Views: 19.9ms | ActiveRecord: 0.0ms)
